{"/Users/georgeperry/Documents/Coding/Portfolio/id-to-key/__mock__/mockArrayData.js":{"path":"/Users/georgeperry/Documents/Coding/Portfolio/id-to-key/__mock__/mockArrayData.js","s":{"1":1,"2":1},"b":{},"f":{},"fnMap":{},"statementMap":{"1":{"start":{"line":3,"column":0},"end":{"line":29,"column":2}},"2":{"start":{"line":31,"column":0},"end":{"line":31,"column":31}}},"branchMap":{}},"/Users/georgeperry/Documents/Coding/Portfolio/id-to-key/__mock__/mockObjectData.js":{"path":"/Users/georgeperry/Documents/Coding/Portfolio/id-to-key/__mock__/mockObjectData.js","s":{"1":1,"2":1},"b":{},"f":{},"fnMap":{},"statementMap":{"1":{"start":{"line":3,"column":0},"end":{"line":24,"column":1}},"2":{"start":{"line":27,"column":0},"end":{"line":27,"column":32}}},"branchMap":{}},"/Users/georgeperry/Documents/Coding/Portfolio/id-to-key/index.js":{"path":"/Users/georgeperry/Documents/Coding/Portfolio/id-to-key/index.js","s":{"1":1,"2":2,"3":2,"4":1,"5":5,"6":0,"7":0,"8":5,"9":5,"10":5,"11":1,"12":1,"13":1},"b":{"1":[1,1],"2":[0,5],"3":[5,0]},"f":{},"fnMap":{},"statementMap":{"1":{"start":{"line":3,"column":0},"end":{"line":23,"column":1}},"2":{"start":{"line":4,"column":2},"end":{"line":22,"column":3}},"3":{"start":{"line":5,"column":4},"end":{"line":18,"column":5}},"4":{"start":{"line":6,"column":6},"end":{"line":15,"column":13}},"5":{"start":{"line":7,"column":8},"end":{"line":10,"column":9}},"6":{"start":{"line":8,"column":10},"end":{"line":8,"column":27}},"7":{"start":{"line":9,"column":10},"end":{"line":9,"column":53}},"8":{"start":{"line":11,"column":8},"end":{"line":14,"column":9}},"9":{"start":{"line":12,"column":10},"end":{"line":12,"column":28}},"10":{"start":{"line":13,"column":10},"end":{"line":13,"column":53}},"11":{"start":{"line":17,"column":6},"end":{"line":17,"column":46}},"12":{"start":{"line":21,"column":4},"end":{"line":21,"column":17}},"13":{"start":{"line":25,"column":0},"end":{"line":25,"column":25}}},"branchMap":{"1":{"line":5,"type":"if","locations":[{"start":{"line":5,"column":4},"end":{"line":5,"column":4}},{"start":{"line":5,"column":4},"end":{"line":5,"column":4}}]},"2":{"line":7,"type":"if","locations":[{"start":{"line":7,"column":8},"end":{"line":7,"column":8}},{"start":{"line":7,"column":8},"end":{"line":7,"column":8}}]},"3":{"line":11,"type":"if","locations":[{"start":{"line":11,"column":8},"end":{"line":11,"column":8}},{"start":{"line":11,"column":8},"end":{"line":11,"column":8}}]}}}}