TN:
SF:/Users/georgeperry/Documents/Coding/Portfolio/id-to-key/__mock__/mockArrayData.js
FNF:0
FNH:0
DA:3,1
DA:31,1
LF:2
LH:2
BRF:0
BRH:0
end_of_record
TN:
SF:/Users/georgeperry/Documents/Coding/Portfolio/id-to-key/__mock__/mockObjectData.js
FNF:0
FNH:0
DA:3,1
DA:27,1
LF:2
LH:2
BRF:0
BRH:0
end_of_record
TN:
SF:/Users/georgeperry/Documents/Coding/Portfolio/id-to-key/index.js
FNF:0
FNH:0
DA:3,1
DA:4,2
DA:5,2
DA:6,1
DA:7,5
DA:8,0
DA:9,0
DA:11,5
DA:12,5
DA:13,5
DA:17,1
DA:21,1
DA:25,1
LF:13
LH:11
BRDA:5,1,0,1
BRDA:5,1,1,1
BRDA:7,2,0,0
BRDA:7,2,1,5
BRDA:11,3,0,5
BRDA:11,3,1,0
BRF:6
BRH:4
end_of_record
